/opt/anaconda3/envs/d4explainer/lib/python3.8/site-packages/torch_geometric/deprecation.py:26: UserWarning: 'data.DataLoader' is deprecated, use 'loader.DataLoader' instead
  warnings.warn(out)
Epoch   1[3.173s]: LR: 0.00100, Loss: 1.10178, Train acc: 0.34636, Validation Loss: 1.09738, Validation acc: 0.375000
Epoch   2[1.031s]: LR: 0.00100, Loss: 1.09728, Train acc: 0.40000, Validation Loss: 1.09578, Validation acc: 0.385000
Epoch   3[0.974s]: LR: 0.00100, Loss: 1.09453, Train acc: 0.35636, Validation Loss: 1.09441, Validation acc: 0.327500
Epoch   4[1.067s]: LR: 0.00100, Loss: 1.09078, Train acc: 0.34591, Validation Loss: 1.09892, Validation acc: 0.327500
Epoch   5[5.695s]: LR: 0.00100, Loss: 1.07755, Train acc: 0.45909, Validation Loss: 1.06822, Validation acc: 0.415000
Epoch   6[3.217s]: LR: 0.00100, Loss: 1.05361, Train acc: 0.46909, Validation Loss: 1.04677, Validation acc: 0.422500
Epoch   7[1.817s]: LR: 0.00100, Loss: 1.05054, Train acc: 0.42727, Validation Loss: 1.08423, Validation acc: 0.365000
Epoch   8[1.541s]: LR: 0.00100, Loss: 1.03569, Train acc: 0.49000, Validation Loss: 1.04312, Validation acc: 0.447500
Epoch   9[1.963s]: LR: 0.00100, Loss: 1.00541, Train acc: 0.49182, Validation Loss: 1.03617, Validation acc: 0.435000
Epoch  10[1.391s]: LR: 0.00100, Loss: 0.99949, Test Loss: 0.98380, Test acc: 0.53000
Epoch  11[1.071s]: LR: 0.00100, Loss: 0.97555, Train acc: 0.51955, Validation Loss: 0.97318, Validation acc: 0.492500
Epoch  12[1.152s]: LR: 0.00100, Loss: 0.96948, Train acc: 0.53909, Validation Loss: 0.96493, Validation acc: 0.525000
Epoch  13[0.975s]: LR: 0.00100, Loss: 0.94560, Train acc: 0.53091, Validation Loss: 0.98297, Validation acc: 0.510000
Epoch  14[0.981s]: LR: 0.00100, Loss: 0.93767, Train acc: 0.49955, Validation Loss: 0.98137, Validation acc: 0.477500
Epoch  15[1.350s]: LR: 0.00100, Loss: 0.93402, Train acc: 0.56909, Validation Loss: 0.95909, Validation acc: 0.540000
Epoch  16[3.094s]: LR: 0.00100, Loss: 0.90157, Train acc: 0.55273, Validation Loss: 0.94592, Validation acc: 0.535000
Epoch  17[1.613s]: LR: 0.00100, Loss: 0.89257, Train acc: 0.60409, Validation Loss: 0.89555, Validation acc: 0.585000
Epoch  18[3.406s]: LR: 0.00100, Loss: 0.88323, Train acc: 0.54136, Validation Loss: 0.95903, Validation acc: 0.497500
Epoch  19[5.101s]: LR: 0.00100, Loss: 0.87367, Train acc: 0.59136, Validation Loss: 0.88086, Validation acc: 0.590000
Epoch  20[2.532s]: LR: 0.00100, Loss: 0.86294, Test Loss: 0.88825, Test acc: 0.56250
Epoch  21[2.031s]: LR: 0.00100, Loss: 0.83335, Train acc: 0.56636, Validation Loss: 0.91841, Validation acc: 0.557500
Epoch  22[2.788s]: LR: 0.00100, Loss: 0.84471, Train acc: 0.60273, Validation Loss: 0.91490, Validation acc: 0.607500
Epoch  23[2.455s]: LR: 0.00100, Loss: 0.84000, Train acc: 0.61591, Validation Loss: 0.86775, Validation acc: 0.575000
Epoch  24[1.911s]: LR: 0.00100, Loss: 0.81828, Train acc: 0.61636, Validation Loss: 0.84508, Validation acc: 0.595000
Epoch  25[3.838s]: LR: 0.00100, Loss: 0.84022, Train acc: 0.59182, Validation Loss: 0.89170, Validation acc: 0.570000
Epoch  26[4.762s]: LR: 0.00100, Loss: 0.80482, Train acc: 0.61591, Validation Loss: 0.85624, Validation acc: 0.585000
Epoch  27[4.522s]: LR: 0.00100, Loss: 0.80331, Train acc: 0.59455, Validation Loss: 0.86918, Validation acc: 0.587500
Epoch  28[4.570s]: LR: 0.00100, Loss: 0.81537, Train acc: 0.63727, Validation Loss: 0.84427, Validation acc: 0.617500
Epoch  29[2.710s]: LR: 0.00100, Loss: 0.78493, Train acc: 0.62955, Validation Loss: 0.79242, Validation acc: 0.610000
Epoch  30[2.217s]: LR: 0.00100, Loss: 0.77560, Test Loss: 0.78408, Test acc: 0.59500
Epoch  31[1.821s]: LR: 0.00100, Loss: 0.78926, Train acc: 0.62136, Validation Loss: 0.82728, Validation acc: 0.607500
Epoch  32[1.667s]: LR: 0.00100, Loss: 0.82266, Train acc: 0.61500, Validation Loss: 0.86243, Validation acc: 0.575000
Epoch  33[0.927s]: LR: 0.00100, Loss: 0.81032, Train acc: 0.62409, Validation Loss: 0.86687, Validation acc: 0.585000
Epoch  34[1.269s]: LR: 0.00100, Loss: 0.77936, Train acc: 0.62000, Validation Loss: 0.82006, Validation acc: 0.627500
Epoch  35[1.246s]: LR: 0.00100, Loss: 0.75958, Train acc: 0.63909, Validation Loss: 0.80090, Validation acc: 0.625000
Epoch  36[0.982s]: LR: 0.00100, Loss: 0.76588, Train acc: 0.66409, Validation Loss: 0.80630, Validation acc: 0.622500
Epoch  37[1.072s]: LR: 0.00100, Loss: 0.73616, Train acc: 0.65045, Validation Loss: 0.78094, Validation acc: 0.635000
Epoch  38[0.919s]: LR: 0.00100, Loss: 0.75855, Train acc: 0.63091, Validation Loss: 0.82322, Validation acc: 0.592500
Epoch  39[0.973s]: LR: 0.00100, Loss: 0.75677, Train acc: 0.66864, Validation Loss: 0.81842, Validation acc: 0.617500
Epoch  40[1.541s]: LR: 0.00100, Loss: 0.73478, Test Loss: 0.76343, Test acc: 0.67000
Epoch  41[1.238s]: LR: 0.00100, Loss: 0.72530, Train acc: 0.64455, Validation Loss: 0.80077, Validation acc: 0.607500
Epoch  42[0.931s]: LR: 0.00100, Loss: 0.73383, Train acc: 0.67182, Validation Loss: 0.75703, Validation acc: 0.667500
Epoch  43[1.051s]: LR: 0.00100, Loss: 0.72978, Train acc: 0.67864, Validation Loss: 0.73950, Validation acc: 0.685000
Epoch  44[1.202s]: LR: 0.00100, Loss: 0.72856, Train acc: 0.61773, Validation Loss: 0.86770, Validation acc: 0.610000
Epoch  45[1.370s]: LR: 0.00100, Loss: 0.71682, Train acc: 0.66591, Validation Loss: 0.72810, Validation acc: 0.665000
Epoch  46[1.145s]: LR: 0.00100, Loss: 0.71643, Train acc: 0.68273, Validation Loss: 0.74848, Validation acc: 0.645000
Epoch  47[1.148s]: LR: 0.00100, Loss: 0.72620, Train acc: 0.67364, Validation Loss: 0.74064, Validation acc: 0.645000
Epoch  48[1.104s]: LR: 0.00100, Loss: 0.70011, Train acc: 0.67545, Validation Loss: 0.73801, Validation acc: 0.632500
Epoch  49[1.042s]: LR: 0.00100, Loss: 0.69604, Train acc: 0.70091, Validation Loss: 0.71221, Validation acc: 0.690000
Epoch  50[1.006s]: LR: 0.00100, Loss: 0.68638, Test Loss: 0.69047, Test acc: 0.68750
Epoch  51[0.992s]: LR: 0.00100, Loss: 0.68152, Train acc: 0.69545, Validation Loss: 0.68290, Validation acc: 0.680000
Epoch  52[0.887s]: LR: 0.00100, Loss: 0.67018, Train acc: 0.66955, Validation Loss: 0.83181, Validation acc: 0.632500
Epoch  53[0.897s]: LR: 0.00100, Loss: 0.70556, Train acc: 0.69227, Validation Loss: 0.72141, Validation acc: 0.685000
Epoch  54[0.968s]: LR: 0.00100, Loss: 0.69329, Train acc: 0.69636, Validation Loss: 0.74203, Validation acc: 0.672500
Epoch  55[1.087s]: LR: 0.00100, Loss: 0.67117, Train acc: 0.68636, Validation Loss: 0.68646, Validation acc: 0.680000
Epoch  56[1.122s]: LR: 0.00100, Loss: 0.66688, Train acc: 0.65909, Validation Loss: 0.78939, Validation acc: 0.625000
Epoch  57[1.207s]: LR: 0.00100, Loss: 0.66914, Train acc: 0.70727, Validation Loss: 0.74299, Validation acc: 0.675000
Epoch  58[1.704s]: LR: 0.00100, Loss: 0.67615, Train acc: 0.69409, Validation Loss: 0.67359, Validation acc: 0.695000
Epoch  59[1.950s]: LR: 0.00100, Loss: 0.65678, Train acc: 0.71773, Validation Loss: 0.71927, Validation acc: 0.660000
Epoch  60[2.038s]: LR: 0.00100, Loss: 0.68373, Test Loss: 0.77388, Test acc: 0.65250
Epoch  61[1.452s]: LR: 0.00100, Loss: 0.66441, Train acc: 0.71227, Validation Loss: 0.70097, Validation acc: 0.697500
Epoch  62[1.557s]: LR: 0.00100, Loss: 0.66091, Train acc: 0.70227, Validation Loss: 0.75591, Validation acc: 0.660000
Epoch  63[1.227s]: LR: 0.00100, Loss: 0.67131, Train acc: 0.68045, Validation Loss: 0.71506, Validation acc: 0.692500
Epoch  64[1.218s]: LR: 0.00100, Loss: 0.68335, Train acc: 0.70864, Validation Loss: 0.72964, Validation acc: 0.695000
Epoch  65[1.071s]: LR: 0.00100, Loss: 0.66707, Train acc: 0.66182, Validation Loss: 0.77582, Validation acc: 0.627500
Epoch  66[0.964s]: LR: 0.00100, Loss: 0.66488, Train acc: 0.70500, Validation Loss: 0.65928, Validation acc: 0.715000
Epoch  67[1.027s]: LR: 0.00100, Loss: 0.64655, Train acc: 0.71455, Validation Loss: 0.68400, Validation acc: 0.697500
Epoch  68[2.475s]: LR: 0.00100, Loss: 0.63678, Train acc: 0.70318, Validation Loss: 0.68639, Validation acc: 0.712500
Epoch  69[3.703s]: LR: 0.00100, Loss: 0.61818, Train acc: 0.68455, Validation Loss: 0.70457, Validation acc: 0.702500
Epoch  70[1.792s]: LR: 0.00100, Loss: 0.64987, Test Loss: 0.67590, Test acc: 0.69750
Epoch  71[1.808s]: LR: 0.00100, Loss: 0.63119, Train acc: 0.73455, Validation Loss: 0.63423, Validation acc: 0.727500
Epoch  72[2.329s]: LR: 0.00100, Loss: 0.62979, Train acc: 0.70364, Validation Loss: 0.69872, Validation acc: 0.695000
Epoch  73[2.512s]: LR: 0.00100, Loss: 0.63391, Train acc: 0.68227, Validation Loss: 0.70923, Validation acc: 0.685000
Epoch  74[2.781s]: LR: 0.00100, Loss: 0.63559, Train acc: 0.73000, Validation Loss: 0.66713, Validation acc: 0.690000
Epoch  75[1.953s]: LR: 0.00100, Loss: 0.61280, Train acc: 0.72091, Validation Loss: 0.62825, Validation acc: 0.715000
Epoch  76[1.553s]: LR: 0.00100, Loss: 0.62161, Train acc: 0.70818, Validation Loss: 0.67060, Validation acc: 0.675000
Epoch  77[1.152s]: LR: 0.00100, Loss: 0.62061, Train acc: 0.71409, Validation Loss: 0.66103, Validation acc: 0.715000
Epoch  78[1.334s]: LR: 0.00100, Loss: 0.63056, Train acc: 0.72864, Validation Loss: 0.70966, Validation acc: 0.687500
Epoch  79[1.088s]: LR: 0.00100, Loss: 0.63131, Train acc: 0.69955, Validation Loss: 0.68344, Validation acc: 0.687500
Epoch  80[1.548s]: LR: 0.00100, Loss: 0.62598, Test Loss: 0.67833, Test acc: 0.72750
Epoch  81[1.061s]: LR: 0.00100, Loss: 0.61060, Train acc: 0.73773, Validation Loss: 0.63252, Validation acc: 0.715000
Epoch  82[1.449s]: LR: 0.00100, Loss: 0.61205, Train acc: 0.73864, Validation Loss: 0.63663, Validation acc: 0.722500
Epoch  83[1.799s]: LR: 0.00100, Loss: 0.61170, Train acc: 0.73409, Validation Loss: 0.65497, Validation acc: 0.710000
Epoch  84[1.541s]: LR: 0.00100, Loss: 0.61775, Train acc: 0.66364, Validation Loss: 0.77354, Validation acc: 0.660000
Epoch  85[2.488s]: LR: 0.00100, Loss: 0.63859, Train acc: 0.74500, Validation Loss: 0.64200, Validation acc: 0.722500
Epoch  86[2.196s]: LR: 0.00100, Loss: 0.59380, Train acc: 0.75182, Validation Loss: 0.62741, Validation acc: 0.730000
Epoch  87[1.740s]: LR: 0.00100, Loss: 0.61547, Train acc: 0.72818, Validation Loss: 0.61784, Validation acc: 0.730000
Epoch  88[2.055s]: LR: 0.00100, Loss: 0.58330, Train acc: 0.74818, Validation Loss: 0.62615, Validation acc: 0.732500
Epoch  89[1.397s]: LR: 0.00100, Loss: 0.61933, Train acc: 0.73091, Validation Loss: 0.63743, Validation acc: 0.690000
Epoch  90[1.861s]: LR: 0.00100, Loss: 0.58278, Test Loss: 0.57802, Test acc: 0.74000
Epoch  91[1.701s]: LR: 0.00100, Loss: 0.59129, Train acc: 0.75455, Validation Loss: 0.65972, Validation acc: 0.705000
Epoch  92[1.786s]: LR: 0.00100, Loss: 0.58944, Train acc: 0.73727, Validation Loss: 0.62317, Validation acc: 0.752500
Epoch  93[1.124s]: LR: 0.00100, Loss: 0.57574, Train acc: 0.72045, Validation Loss: 0.64406, Validation acc: 0.737500
Epoch  94[1.257s]: LR: 0.00100, Loss: 0.63233, Train acc: 0.75409, Validation Loss: 0.63200, Validation acc: 0.700000
Epoch  95[0.990s]: LR: 0.00100, Loss: 0.57872, Train acc: 0.73273, Validation Loss: 0.63104, Validation acc: 0.727500
Epoch  96[0.969s]: LR: 0.00100, Loss: 0.61403, Train acc: 0.73000, Validation Loss: 0.68358, Validation acc: 0.697500
Epoch  97[1.068s]: LR: 0.00100, Loss: 0.62790, Train acc: 0.74727, Validation Loss: 0.63445, Validation acc: 0.717500
Epoch  98[1.124s]: LR: 0.00100, Loss: 0.58868, Train acc: 0.74500, Validation Loss: 0.59974, Validation acc: 0.760000
Epoch  99[0.962s]: LR: 0.00100, Loss: 0.58913, Train acc: 0.75045, Validation Loss: 0.64087, Validation acc: 0.725000
Epoch 100[0.995s]: LR: 0.00100, Loss: 0.56704, Test Loss: 0.61993, Test acc: 0.74750
Epoch 101[0.913s]: LR: 0.00100, Loss: 0.58035, Train acc: 0.71818, Validation Loss: 0.72133, Validation acc: 0.660000
Epoch 102[0.957s]: LR: 0.00100, Loss: 0.59650, Train acc: 0.76136, Validation Loss: 0.63086, Validation acc: 0.732500
Epoch 103[7.079s]: LR: 0.00100, Loss: 0.57608, Train acc: 0.76227, Validation Loss: 0.58791, Validation acc: 0.757500
Epoch 104[1.483s]: LR: 0.00100, Loss: 0.55343, Train acc: 0.73409, Validation Loss: 0.64431, Validation acc: 0.707500
Epoch 105[1.120s]: LR: 0.00100, Loss: 0.57143, Train acc: 0.75091, Validation Loss: 0.60847, Validation acc: 0.735000
Epoch 106[1.082s]: LR: 0.00100, Loss: 0.57930, Train acc: 0.70273, Validation Loss: 0.61715, Validation acc: 0.700000
Epoch 107[1.029s]: LR: 0.00100, Loss: 0.57017, Train acc: 0.76091, Validation Loss: 0.57753, Validation acc: 0.750000
Epoch 108[1.780s]: LR: 0.00100, Loss: 0.58557, Train acc: 0.76136, Validation Loss: 0.57876, Validation acc: 0.750000
Epoch 109[1.887s]: LR: 0.00100, Loss: 0.57291, Train acc: 0.75045, Validation Loss: 0.56053, Validation acc: 0.750000
Epoch 110[1.731s]: LR: 0.00100, Loss: 0.56007, Test Loss: 0.58071, Test acc: 0.74000
Epoch 111[1.489s]: LR: 0.00100, Loss: 0.55981, Train acc: 0.75455, Validation Loss: 0.55708, Validation acc: 0.747500
Epoch 112[1.145s]: LR: 0.00100, Loss: 0.57490, Train acc: 0.73682, Validation Loss: 0.68621, Validation acc: 0.702500
Epoch 113[1.134s]: LR: 0.00100, Loss: 0.59168, Train acc: 0.74682, Validation Loss: 0.66270, Validation acc: 0.712500
Epoch 114[1.048s]: LR: 0.00100, Loss: 0.55187, Train acc: 0.76545, Validation Loss: 0.53871, Validation acc: 0.775000
Epoch 115[1.082s]: LR: 0.00100, Loss: 0.53345, Train acc: 0.72636, Validation Loss: 0.59735, Validation acc: 0.715000
Epoch 116[0.911s]: LR: 0.00100, Loss: 0.57808, Train acc: 0.76727, Validation Loss: 0.56048, Validation acc: 0.732500
Epoch 117[0.962s]: LR: 0.00100, Loss: 0.55986, Train acc: 0.76636, Validation Loss: 0.56999, Validation acc: 0.752500
Epoch 118[0.999s]: LR: 0.00100, Loss: 0.56594, Train acc: 0.75773, Validation Loss: 0.59485, Validation acc: 0.752500
Epoch 119[0.997s]: LR: 0.00100, Loss: 0.55473, Train acc: 0.77091, Validation Loss: 0.59389, Validation acc: 0.762500
Epoch 120[1.058s]: LR: 0.00100, Loss: 0.55045, Test Loss: 0.54399, Test acc: 0.78250
Epoch 121[1.080s]: LR: 0.00100, Loss: 0.56291, Train acc: 0.76864, Validation Loss: 0.60936, Validation acc: 0.735000
Epoch 122[0.908s]: LR: 0.00100, Loss: 0.55294, Train acc: 0.76500, Validation Loss: 0.60067, Validation acc: 0.720000
Epoch 123[1.286s]: LR: 0.00100, Loss: 0.56671, Train acc: 0.76364, Validation Loss: 0.56807, Validation acc: 0.752500
Epoch 124[1.299s]: LR: 0.00100, Loss: 0.53704, Train acc: 0.75591, Validation Loss: 0.54869, Validation acc: 0.770000
Epoch 125[1.578s]: LR: 0.00100, Loss: 0.56614, Train acc: 0.74909, Validation Loss: 0.55146, Validation acc: 0.782500
Epoch 126[1.818s]: LR: 0.00080, Loss: 0.54853, Train acc: 0.75545, Validation Loss: 0.60319, Validation acc: 0.725000
Epoch 127[2.296s]: LR: 0.00080, Loss: 0.52875, Train acc: 0.77364, Validation Loss: 0.62530, Validation acc: 0.715000
Epoch 128[1.339s]: LR: 0.00080, Loss: 0.52422, Train acc: 0.76864, Validation Loss: 0.60801, Validation acc: 0.727500
Epoch 129[1.419s]: LR: 0.00080, Loss: 0.54120, Train acc: 0.76500, Validation Loss: 0.56966, Validation acc: 0.750000
Epoch 130[1.649s]: LR: 0.00080, Loss: 0.53669, Test Loss: 0.57408, Test acc: 0.74500
Epoch 131[1.174s]: LR: 0.00080, Loss: 0.54847, Train acc: 0.73682, Validation Loss: 0.66918, Validation acc: 0.727500
Epoch 132[1.010s]: LR: 0.00080, Loss: 0.53557, Train acc: 0.77227, Validation Loss: 0.57837, Validation acc: 0.757500
Epoch 133[0.928s]: LR: 0.00080, Loss: 0.52961, Train acc: 0.78591, Validation Loss: 0.61139, Validation acc: 0.762500
Epoch 134[0.961s]: LR: 0.00080, Loss: 0.52514, Train acc: 0.75727, Validation Loss: 0.61079, Validation acc: 0.725000
Epoch 135[1.318s]: LR: 0.00080, Loss: 0.54635, Train acc: 0.78000, Validation Loss: 0.57304, Validation acc: 0.777500
Epoch 136[1.397s]: LR: 0.00080, Loss: 0.53627, Train acc: 0.77636, Validation Loss: 0.56805, Validation acc: 0.765000
Epoch 137[1.064s]: LR: 0.00080, Loss: 0.54244, Train acc: 0.76682, Validation Loss: 0.56692, Validation acc: 0.742500
Epoch 138[3.435s]: LR: 0.00080, Loss: 0.52611, Train acc: 0.77227, Validation Loss: 0.53890, Validation acc: 0.757500
Epoch 139[1.423s]: LR: 0.00080, Loss: 0.52891, Train acc: 0.77000, Validation Loss: 0.58989, Validation acc: 0.757500
Epoch 140[2.021s]: LR: 0.00080, Loss: 0.51076, Test Loss: 0.56706, Test acc: 0.76000
Epoch 141[1.739s]: LR: 0.00080, Loss: 0.52646, Train acc: 0.76727, Validation Loss: 0.59660, Validation acc: 0.747500
Epoch 142[1.397s]: LR: 0.00080, Loss: 0.54156, Train acc: 0.78091, Validation Loss: 0.56111, Validation acc: 0.765000
Epoch 143[1.364s]: LR: 0.00080, Loss: 0.54058, Train acc: 0.77273, Validation Loss: 0.54888, Validation acc: 0.750000
Epoch 144[1.239s]: LR: 0.00080, Loss: 0.50840, Train acc: 0.77318, Validation Loss: 0.55950, Validation acc: 0.767500
Epoch 145[1.160s]: LR: 0.00080, Loss: 0.51964, Train acc: 0.77273, Validation Loss: 0.56194, Validation acc: 0.765000
Epoch 146[1.447s]: LR: 0.00080, Loss: 0.50403, Train acc: 0.79318, Validation Loss: 0.53656, Validation acc: 0.775000
Epoch 147[1.093s]: LR: 0.00080, Loss: 0.52165, Train acc: 0.76682, Validation Loss: 0.55480, Validation acc: 0.747500
Epoch 148[1.252s]: LR: 0.00080, Loss: 0.52461, Train acc: 0.77636, Validation Loss: 0.54033, Validation acc: 0.755000
Epoch 149[1.340s]: LR: 0.00080, Loss: 0.50443, Train acc: 0.77682, Validation Loss: 0.56134, Validation acc: 0.747500
Epoch 150[1.160s]: LR: 0.00080, Loss: 0.51617, Test Loss: 0.59296, Test acc: 0.74000
Epoch 151[1.475s]: LR: 0.00080, Loss: 0.52592, Train acc: 0.77045, Validation Loss: 0.61611, Validation acc: 0.737500
Epoch 152[1.373s]: LR: 0.00064, Loss: 0.50762, Train acc: 0.78091, Validation Loss: 0.55172, Validation acc: 0.770000
Epoch 153[1.274s]: LR: 0.00064, Loss: 0.51849, Train acc: 0.78909, Validation Loss: 0.56495, Validation acc: 0.737500
Epoch 154[0.930s]: LR: 0.00064, Loss: 0.51694, Train acc: 0.76773, Validation Loss: 0.54514, Validation acc: 0.775000
Epoch 155[0.928s]: LR: 0.00064, Loss: 0.53418, Train acc: 0.78773, Validation Loss: 0.53665, Validation acc: 0.747500
Epoch 156[0.885s]: LR: 0.00064, Loss: 0.51947, Train acc: 0.76773, Validation Loss: 0.55395, Validation acc: 0.765000
Epoch 157[0.934s]: LR: 0.00064, Loss: 0.50765, Train acc: 0.80318, Validation Loss: 0.52078, Validation acc: 0.777500
Epoch 158[0.879s]: LR: 0.00064, Loss: 0.50278, Train acc: 0.78864, Validation Loss: 0.53335, Validation acc: 0.757500
Epoch 159[0.856s]: LR: 0.00064, Loss: 0.50968, Train acc: 0.77955, Validation Loss: 0.50712, Validation acc: 0.777500
Epoch 160[0.913s]: LR: 0.00064, Loss: 0.51005, Test Loss: 0.52366, Test acc: 0.77500
Epoch 161[0.881s]: LR: 0.00064, Loss: 0.51190, Train acc: 0.80545, Validation Loss: 0.54559, Validation acc: 0.790000
Epoch 162[0.899s]: LR: 0.00064, Loss: 0.50129, Train acc: 0.79864, Validation Loss: 0.53150, Validation acc: 0.787500
Epoch 163[0.903s]: LR: 0.00051, Loss: 0.50599, Train acc: 0.79409, Validation Loss: 0.53450, Validation acc: 0.760000
Epoch 164[0.873s]: LR: 0.00051, Loss: 0.50634, Train acc: 0.79364, Validation Loss: 0.52838, Validation acc: 0.780000
Epoch 165[0.848s]: LR: 0.00051, Loss: 0.50093, Train acc: 0.77773, Validation Loss: 0.58090, Validation acc: 0.750000
Epoch 166[0.966s]: LR: 0.00051, Loss: 0.51345, Train acc: 0.78864, Validation Loss: 0.50690, Validation acc: 0.782500
Epoch 167[0.936s]: LR: 0.00051, Loss: 0.50776, Train acc: 0.78909, Validation Loss: 0.52995, Validation acc: 0.770000
Epoch 168[0.827s]: LR: 0.00051, Loss: 0.49106, Train acc: 0.78955, Validation Loss: 0.49677, Validation acc: 0.792500
Epoch 169[0.846s]: LR: 0.00051, Loss: 0.50110, Train acc: 0.78591, Validation Loss: 0.51685, Validation acc: 0.790000
Epoch 170[0.867s]: LR: 0.00051, Loss: 0.50524, Test Loss: 0.54432, Test acc: 0.75750
Epoch 171[0.802s]: LR: 0.00051, Loss: 0.49317, Train acc: 0.79455, Validation Loss: 0.52965, Validation acc: 0.792500
Epoch 172[0.821s]: LR: 0.00051, Loss: 0.50349, Train acc: 0.79591, Validation Loss: 0.55131, Validation acc: 0.780000
Epoch 173[0.832s]: LR: 0.00051, Loss: 0.49927, Train acc: 0.78500, Validation Loss: 0.56428, Validation acc: 0.765000
Epoch 174[0.940s]: LR: 0.00041, Loss: 0.50140, Train acc: 0.78364, Validation Loss: 0.57140, Validation acc: 0.787500
Epoch 175[0.840s]: LR: 0.00041, Loss: 0.50376, Train acc: 0.79045, Validation Loss: 0.53278, Validation acc: 0.777500
Epoch 176[0.843s]: LR: 0.00041, Loss: 0.48924, Train acc: 0.79545, Validation Loss: 0.50946, Validation acc: 0.805000
Epoch 177[0.855s]: LR: 0.00041, Loss: 0.50271, Train acc: 0.79682, Validation Loss: 0.53788, Validation acc: 0.775000
Epoch 178[0.821s]: LR: 0.00041, Loss: 0.51002, Train acc: 0.77955, Validation Loss: 0.55929, Validation acc: 0.745000
Epoch 179[0.839s]: LR: 0.00041, Loss: 0.48000, Train acc: 0.80727, Validation Loss: 0.52604, Validation acc: 0.785000
Epoch 180[0.852s]: LR: 0.00041, Loss: 0.48096, Test Loss: 0.52194, Test acc: 0.79500
Epoch 181[0.810s]: LR: 0.00041, Loss: 0.47130, Train acc: 0.80227, Validation Loss: 0.51423, Validation acc: 0.767500
Epoch 182[0.819s]: LR: 0.00041, Loss: 0.48943, Train acc: 0.79591, Validation Loss: 0.53085, Validation acc: 0.757500
Epoch 183[0.805s]: LR: 0.00041, Loss: 0.50683, Train acc: 0.78727, Validation Loss: 0.56010, Validation acc: 0.782500
Epoch 184[0.784s]: LR: 0.00041, Loss: 0.49247, Train acc: 0.80136, Validation Loss: 0.51085, Validation acc: 0.770000
Epoch 185[0.875s]: LR: 0.00033, Loss: 0.46657, Train acc: 0.79364, Validation Loss: 0.49563, Validation acc: 0.785000
Epoch 186[0.826s]: LR: 0.00033, Loss: 0.50236, Train acc: 0.79682, Validation Loss: 0.51666, Validation acc: 0.792500
Epoch 187[0.766s]: LR: 0.00033, Loss: 0.50520, Train acc: 0.79136, Validation Loss: 0.52791, Validation acc: 0.772500
Epoch 188[1.001s]: LR: 0.00033, Loss: 0.49203, Train acc: 0.79909, Validation Loss: 0.53930, Validation acc: 0.790000
Epoch 189[0.958s]: LR: 0.00033, Loss: 0.48120, Train acc: 0.79500, Validation Loss: 0.51806, Validation acc: 0.785000
Epoch 190[0.986s]: LR: 0.00033, Loss: 0.49870, Test Loss: 0.50305, Test acc: 0.78250
Epoch 191[0.894s]: LR: 0.00033, Loss: 0.47453, Train acc: 0.80000, Validation Loss: 0.54036, Validation acc: 0.777500
Epoch 192[0.986s]: LR: 0.00033, Loss: 0.49046, Train acc: 0.79182, Validation Loss: 0.48642, Validation acc: 0.777500
Epoch 193[0.853s]: LR: 0.00033, Loss: 0.47665, Train acc: 0.79364, Validation Loss: 0.47538, Validation acc: 0.802500
Epoch 194[0.850s]: LR: 0.00033, Loss: 0.47876, Train acc: 0.79864, Validation Loss: 0.50568, Validation acc: 0.787500
Epoch 195[0.830s]: LR: 0.00033, Loss: 0.48631, Train acc: 0.79636, Validation Loss: 0.47205, Validation acc: 0.805000
Epoch 196[0.806s]: LR: 0.00033, Loss: 0.50275, Train acc: 0.80591, Validation Loss: 0.54509, Validation acc: 0.782500
Epoch 197[1.074s]: LR: 0.00033, Loss: 0.47760, Train acc: 0.80182, Validation Loss: 0.51772, Validation acc: 0.787500
Epoch 198[4.200s]: LR: 0.00033, Loss: 0.49744, Train acc: 0.78455, Validation Loss: 0.54154, Validation acc: 0.785000
Epoch 199[2.378s]: LR: 0.00033, Loss: 0.50078, Train acc: 0.79955, Validation Loss: 0.49912, Validation acc: 0.802500
Epoch 200[1.741s]: LR: 0.00033, Loss: 0.49202, Test Loss: 0.48742, Test acc: 0.78000
Epoch 201[2.083s]: LR: 0.00033, Loss: 0.47512, Train acc: 0.79455, Validation Loss: 0.54203, Validation acc: 0.770000
Epoch 202[1.352s]: LR: 0.00033, Loss: 0.48145, Train acc: 0.79727, Validation Loss: 0.52784, Validation acc: 0.777500
Epoch 203[1.178s]: LR: 0.00033, Loss: 0.49642, Train acc: 0.78318, Validation Loss: 0.52163, Validation acc: 0.772500
Epoch 204[1.906s]: LR: 0.00033, Loss: 0.48913, Train acc: 0.79682, Validation Loss: 0.52935, Validation acc: 0.762500
Epoch 205[1.326s]: LR: 0.00033, Loss: 0.49268, Train acc: 0.79000, Validation Loss: 0.51962, Validation acc: 0.805000
Epoch 206[1.341s]: LR: 0.00033, Loss: 0.48488, Train acc: 0.80591, Validation Loss: 0.50853, Validation acc: 0.772500
Epoch 207[1.271s]: LR: 0.00026, Loss: 0.47654, Train acc: 0.78591, Validation Loss: 0.49598, Validation acc: 0.805000
Epoch 208[1.180s]: LR: 0.00026, Loss: 0.47858, Train acc: 0.78591, Validation Loss: 0.49689, Validation acc: 0.802500
Epoch 209[1.071s]: LR: 0.00026, Loss: 0.47406, Train acc: 0.80455, Validation Loss: 0.53650, Validation acc: 0.770000
Epoch 210[1.054s]: LR: 0.00026, Loss: 0.46689, Test Loss: 0.49649, Test acc: 0.79000
Epoch 211[0.928s]: LR: 0.00026, Loss: 0.48118, Train acc: 0.79636, Validation Loss: 0.46014, Validation acc: 0.815000
Epoch 212[0.916s]: LR: 0.00026, Loss: 0.48464, Train acc: 0.80773, Validation Loss: 0.45717, Validation acc: 0.820000
Epoch 213[0.971s]: LR: 0.00026, Loss: 0.46641, Train acc: 0.79045, Validation Loss: 0.52788, Validation acc: 0.805000
Epoch 214[1.062s]: LR: 0.00026, Loss: 0.47798, Train acc: 0.80727, Validation Loss: 0.51336, Validation acc: 0.777500
Epoch 215[0.983s]: LR: 0.00026, Loss: 0.46561, Train acc: 0.79227, Validation Loss: 0.53001, Validation acc: 0.795000
Epoch 216[0.881s]: LR: 0.00026, Loss: 0.47395, Train acc: 0.80409, Validation Loss: 0.48875, Validation acc: 0.787500
Epoch 217[0.776s]: LR: 0.00026, Loss: 0.47302, Train acc: 0.82409, Validation Loss: 0.48629, Validation acc: 0.795000
Epoch 218[0.888s]: LR: 0.00026, Loss: 0.47353, Train acc: 0.80364, Validation Loss: 0.51613, Validation acc: 0.790000
Epoch 219[0.917s]: LR: 0.00026, Loss: 0.46918, Train acc: 0.79727, Validation Loss: 0.46105, Validation acc: 0.812500
Epoch 220[1.112s]: LR: 0.00026, Loss: 0.48255, Test Loss: 0.51543, Test acc: 0.80750
Epoch 221[1.458s]: LR: 0.00026, Loss: 0.48515, Train acc: 0.80364, Validation Loss: 0.49410, Validation acc: 0.797500
Epoch 222[1.261s]: LR: 0.00026, Loss: 0.47100, Train acc: 0.80909, Validation Loss: 0.51751, Validation acc: 0.797500
Epoch 223[1.068s]: LR: 0.00026, Loss: 0.46861, Train acc: 0.80773, Validation Loss: 0.46595, Validation acc: 0.815000
Epoch 224[0.967s]: LR: 0.00021, Loss: 0.47176, Train acc: 0.79818, Validation Loss: 0.51481, Validation acc: 0.782500
Epoch 225[1.033s]: LR: 0.00021, Loss: 0.46284, Train acc: 0.80545, Validation Loss: 0.49828, Validation acc: 0.802500
Epoch 226[0.992s]: LR: 0.00021, Loss: 0.47042, Train acc: 0.80364, Validation Loss: 0.51455, Validation acc: 0.767500
Epoch 227[0.933s]: LR: 0.00021, Loss: 0.47779, Train acc: 0.79864, Validation Loss: 0.49743, Validation acc: 0.787500
Epoch 228[0.924s]: LR: 0.00021, Loss: 0.47600, Train acc: 0.80227, Validation Loss: 0.53691, Validation acc: 0.755000
Epoch 229[0.859s]: LR: 0.00021, Loss: 0.45369, Train acc: 0.81273, Validation Loss: 0.50389, Validation acc: 0.810000
Epoch 230[0.828s]: LR: 0.00021, Loss: 0.47084, Test Loss: 0.51217, Test acc: 0.78250
Epoch 231[0.758s]: LR: 0.00021, Loss: 0.46300, Train acc: 0.79273, Validation Loss: 0.52278, Validation acc: 0.785000
Epoch 232[0.777s]: LR: 0.00021, Loss: 0.46619, Train acc: 0.81182, Validation Loss: 0.50897, Validation acc: 0.787500
Epoch 233[0.788s]: LR: 0.00021, Loss: 0.48007, Train acc: 0.79864, Validation Loss: 0.50312, Validation acc: 0.775000
Epoch 234[0.797s]: LR: 0.00021, Loss: 0.47426, Train acc: 0.80273, Validation Loss: 0.49329, Validation acc: 0.792500
Epoch 235[0.893s]: LR: 0.00017, Loss: 0.46901, Train acc: 0.80409, Validation Loss: 0.50330, Validation acc: 0.800000
Epoch 236[0.899s]: LR: 0.00017, Loss: 0.45764, Train acc: 0.80591, Validation Loss: 0.49730, Validation acc: 0.800000
Epoch 237[0.995s]: LR: 0.00017, Loss: 0.44855, Train acc: 0.80500, Validation Loss: 0.49778, Validation acc: 0.785000
Epoch 238[0.962s]: LR: 0.00017, Loss: 0.46794, Train acc: 0.79864, Validation Loss: 0.50456, Validation acc: 0.775000
Epoch 239[0.850s]: LR: 0.00017, Loss: 0.46751, Train acc: 0.80182, Validation Loss: 0.53544, Validation acc: 0.775000
Epoch 240[1.004s]: LR: 0.00017, Loss: 0.46787, Test Loss: 0.47051, Test acc: 0.81250
Epoch 241[0.948s]: LR: 0.00017, Loss: 0.44978, Train acc: 0.79909, Validation Loss: 0.49537, Validation acc: 0.807500
Epoch 242[0.924s]: LR: 0.00017, Loss: 0.45771, Train acc: 0.79773, Validation Loss: 0.52216, Validation acc: 0.782500
Epoch 243[0.876s]: LR: 0.00017, Loss: 0.47484, Train acc: 0.79636, Validation Loss: 0.51685, Validation acc: 0.775000
Epoch 244[0.842s]: LR: 0.00017, Loss: 0.47803, Train acc: 0.80318, Validation Loss: 0.50663, Validation acc: 0.782500
Epoch 245[1.028s]: LR: 0.00017, Loss: 0.47708, Train acc: 0.81909, Validation Loss: 0.48449, Validation acc: 0.790000
Epoch 246[0.888s]: LR: 0.00013, Loss: 0.47540, Train acc: 0.80136, Validation Loss: 0.51566, Validation acc: 0.787500
Epoch 247[0.838s]: LR: 0.00013, Loss: 0.48285, Train acc: 0.80727, Validation Loss: 0.48007, Validation acc: 0.827500
Epoch 248[0.850s]: LR: 0.00013, Loss: 0.46063, Train acc: 0.81045, Validation Loss: 0.48305, Validation acc: 0.805000
Epoch 249[0.935s]: LR: 0.00013, Loss: 0.46994, Train acc: 0.80818, Validation Loss: 0.50731, Validation acc: 0.780000
Epoch 250[1.036s]: LR: 0.00013, Loss: 0.46855, Test Loss: 0.48028, Test acc: 0.80000
Epoch 251[1.055s]: LR: 0.00013, Loss: 0.47498, Train acc: 0.79727, Validation Loss: 0.50095, Validation acc: 0.772500
Epoch 252[0.891s]: LR: 0.00013, Loss: 0.45892, Train acc: 0.81955, Validation Loss: 0.50409, Validation acc: 0.795000
Epoch 253[0.963s]: LR: 0.00013, Loss: 0.45538, Train acc: 0.79682, Validation Loss: 0.49940, Validation acc: 0.780000
Epoch 254[0.950s]: LR: 0.00013, Loss: 0.45074, Train acc: 0.81000, Validation Loss: 0.49664, Validation acc: 0.787500
Epoch 255[0.806s]: LR: 0.00013, Loss: 0.45829, Train acc: 0.79500, Validation Loss: 0.52363, Validation acc: 0.797500
Epoch 256[0.783s]: LR: 0.00013, Loss: 0.46404, Train acc: 0.81273, Validation Loss: 0.49107, Validation acc: 0.812500
Epoch 257[0.792s]: LR: 0.00011, Loss: 0.46520, Train acc: 0.79636, Validation Loss: 0.50965, Validation acc: 0.782500
Epoch 258[0.852s]: LR: 0.00011, Loss: 0.45355, Train acc: 0.80864, Validation Loss: 0.53393, Validation acc: 0.782500
Epoch 259[0.805s]: LR: 0.00011, Loss: 0.46443, Train acc: 0.80591, Validation Loss: 0.50494, Validation acc: 0.787500
Epoch 260[0.929s]: LR: 0.00011, Loss: 0.45880, Test Loss: 0.47256, Test acc: 0.80750
Epoch 261[0.830s]: LR: 0.00011, Loss: 0.46142, Train acc: 0.80227, Validation Loss: 0.50784, Validation acc: 0.772500
Epoch 262[0.900s]: LR: 0.00011, Loss: 0.45172, Train acc: 0.79682, Validation Loss: 0.50199, Validation acc: 0.815000
Epoch 263[1.015s]: LR: 0.00011, Loss: 0.45612, Train acc: 0.80136, Validation Loss: 0.51214, Validation acc: 0.755000
Epoch 264[0.998s]: LR: 0.00011, Loss: 0.46366, Train acc: 0.80000, Validation Loss: 0.45204, Validation acc: 0.807500
Epoch 265[1.152s]: LR: 0.00011, Loss: 0.45612, Train acc: 0.80500, Validation Loss: 0.49040, Validation acc: 0.780000
Epoch 266[1.078s]: LR: 0.00011, Loss: 0.44818, Train acc: 0.81318, Validation Loss: 0.50444, Validation acc: 0.815000
Epoch 267[1.042s]: LR: 0.00011, Loss: 0.45574, Train acc: 0.81318, Validation Loss: 0.49268, Validation acc: 0.802500
Epoch 268[0.974s]: LR: 0.00011, Loss: 0.45413, Train acc: 0.81136, Validation Loss: 0.50665, Validation acc: 0.795000
Epoch 269[0.985s]: LR: 0.00011, Loss: 0.46710, Train acc: 0.80091, Validation Loss: 0.57047, Validation acc: 0.765000
Epoch 270[0.891s]: LR: 0.00011, Loss: 0.46731, Test Loss: 0.48007, Test acc: 0.80000
Epoch 271[0.770s]: LR: 0.00011, Loss: 0.47478, Train acc: 0.81773, Validation Loss: 0.51369, Validation acc: 0.790000
Epoch 272[0.921s]: LR: 0.00011, Loss: 0.43756, Train acc: 0.79773, Validation Loss: 0.47135, Validation acc: 0.810000
Epoch 273[0.899s]: LR: 0.00011, Loss: 0.47576, Train acc: 0.81409, Validation Loss: 0.42594, Validation acc: 0.837500
Epoch 274[0.955s]: LR: 0.00011, Loss: 0.47227, Train acc: 0.80273, Validation Loss: 0.49311, Validation acc: 0.812500
Epoch 275[0.962s]: LR: 0.00011, Loss: 0.46326, Train acc: 0.80727, Validation Loss: 0.46002, Validation acc: 0.812500
Epoch 276[0.921s]: LR: 0.00011, Loss: 0.46049, Train acc: 0.80682, Validation Loss: 0.49717, Validation acc: 0.822500
Epoch 277[0.895s]: LR: 0.00011, Loss: 0.46187, Train acc: 0.81318, Validation Loss: 0.48616, Validation acc: 0.780000
Epoch 278[0.790s]: LR: 0.00011, Loss: 0.46539, Train acc: 0.80409, Validation Loss: 0.47400, Validation acc: 0.802500
Epoch 279[0.828s]: LR: 0.00011, Loss: 0.44072, Train acc: 0.80818, Validation Loss: 0.51833, Validation acc: 0.797500
Epoch 280[0.953s]: LR: 0.00011, Loss: 0.45408, Test Loss: 0.51835, Test acc: 0.79750
Epoch 281[0.937s]: LR: 0.00011, Loss: 0.46849, Train acc: 0.79545, Validation Loss: 0.49082, Validation acc: 0.782500
Epoch 282[0.912s]: LR: 0.00011, Loss: 0.46617, Train acc: 0.81045, Validation Loss: 0.49201, Validation acc: 0.802500
Epoch 283[0.935s]: LR: 0.00011, Loss: 0.48004, Train acc: 0.81955, Validation Loss: 0.48863, Validation acc: 0.790000
Epoch 284[0.829s]: LR: 0.00011, Loss: 0.46494, Train acc: 0.80909, Validation Loss: 0.46170, Validation acc: 0.812500
Epoch 285[0.891s]: LR: 0.00010, Loss: 0.46649, Train acc: 0.80818, Validation Loss: 0.51095, Validation acc: 0.790000
Epoch 286[1.059s]: LR: 0.00010, Loss: 0.46325, Train acc: 0.81318, Validation Loss: 0.47353, Validation acc: 0.797500
Epoch 287[1.032s]: LR: 0.00010, Loss: 0.44426, Train acc: 0.80409, Validation Loss: 0.50823, Validation acc: 0.792500
Epoch 288[0.897s]: LR: 0.00010, Loss: 0.44905, Train acc: 0.80182, Validation Loss: 0.46959, Validation acc: 0.802500
Epoch 289[0.945s]: LR: 0.00010, Loss: 0.47845, Train acc: 0.81273, Validation Loss: 0.49317, Validation acc: 0.790000
Epoch 290[1.015s]: LR: 0.00010, Loss: 0.45933, Test Loss: 0.50207, Test acc: 0.79750
Epoch 291[0.947s]: LR: 0.00010, Loss: 0.45560, Train acc: 0.80909, Validation Loss: 0.49727, Validation acc: 0.797500
Epoch 292[0.933s]: LR: 0.00010, Loss: 0.47168, Train acc: 0.81136, Validation Loss: 0.49154, Validation acc: 0.802500
Epoch 293[1.059s]: LR: 0.00010, Loss: 0.45058, Train acc: 0.81545, Validation Loss: 0.50304, Validation acc: 0.802500
Epoch 294[0.947s]: LR: 0.00010, Loss: 0.44186, Train acc: 0.80682, Validation Loss: 0.48130, Validation acc: 0.815000
Epoch 295[0.852s]: LR: 0.00010, Loss: 0.46899, Train acc: 0.81318, Validation Loss: 0.51471, Validation acc: 0.782500
Epoch 296[0.894s]: LR: 0.00010, Loss: 0.45854, Train acc: 0.80409, Validation Loss: 0.50065, Validation acc: 0.775000
Epoch 297[0.945s]: LR: 0.00010, Loss: 0.45316, Train acc: 0.80227, Validation Loss: 0.48890, Validation acc: 0.792500
Epoch 298[0.896s]: LR: 0.00010, Loss: 0.46023, Train acc: 0.79818, Validation Loss: 0.42072, Validation acc: 0.832500
Epoch 299[0.854s]: LR: 0.00010, Loss: 0.45004, Train acc: 0.80273, Validation Loss: 0.50161, Validation acc: 0.762500
Epoch 300[0.947s]: LR: 0.00010, Loss: 0.43942, Test Loss: 0.48157, Test acc: 0.79750
Training log saved to ../param/gnns/logs/ba3_training_log.csv
